Processing pico (platform: https://github.com/maxgerhardt/platform-raspberrypi.git; board: pico; framework: arduino)
--------------------------------------------------------------------------------
Platform Manager: Installing git+https://github.com/maxgerhardt/platform-raspberrypi.git
git version 2.51.2
Cloning into '/home/jules/.platformio/.cache/tmp/pkg-installing-4wnb6ts2'...
Submodule 'builder/frameworks/arduino/mbed-core' (https://github.com/platformio/builder-framework-arduino-core-mbed.git) registered for path 'builder/frameworks/arduino/mbed-core'
Cloning into '/home/jules/.platformio/.cache/tmp/pkg-installing-4wnb6ts2/builder/frameworks/arduino/mbed-core'...
Submodule path 'builder/frameworks/arduino/mbed-core': checked out '66ff9c5ecf64e0ce6360cbf2d8769228bb1294b4'
Platform Manager: raspberrypi@1.18.0+sha.cc24cfe has been installed!
Tool Manager: Installing https://github.com/earlephilhower/pico-quick-toolchain/releases/download/4.1.0/x86_64-linux-gnu.arm-none-eabi-1aec55e.250530.tar.gz
Downloading 0% 10% 20% 30% 40% 50% 60% 70% 80% 90% 100%
Unpacking 0% 10% 20% 30% 40% 50% 60% 70% 80% 90% 100%
Tool Manager: toolchain-rp2040-earlephilhower@5.140200.250530 has been installed!
Tool Manager: Installing git+https://github.com/earlephilhower/arduino-pico.git#30aead9a6c478ff9951c8be708e68be92808cdab
git version 2.51.2
Cloning into '/home/jules/.platformio/.cache/tmp/pkg-installing-hjafgt02'...
Submodule 'ArduinoCore-API' (https://github.com/earlephilhower/ArduinoCore-API.git) registered for path 'ArduinoCore-API'
Submodule 'FreeRTOS-Kernel' (https://github.com/earlephilhower/FreeRTOS-Kernel.git) registered for path 'FreeRTOS-Kernel'
Submodule 'cores/rp2040/tlsf' (https://github.com/earlephilhower/tlsf.git) registered for path 'lib/tlsf'
Submodule 'libraries/Adafruit_TinyUSB_Arduino' (https://github.com/adafruit/Adafruit_TinyUSB_Arduino.git) registered for path 'libraries/Adafruit_TinyUSB_Arduino'
Submodule 'libraries/AsyncUDP' (https://github.com/earlephilhower/AsyncUDP.git) registered for path 'libraries/AsyncUDP'
Submodule 'libraries/ESPHost' (https://github.com/Networking-for-Arduino/ESPHost.git) registered for path 'libraries/ESPHost'
Submodule 'libraries/FatFS/lib/SPIFTL' (https://github.com/earlephilhower/SPIFTL.git) registered for path 'libraries/FatFS/lib/SPIFTL'
Submodule 'libraries/Joystick' (https://github.com/earlephilhower/Joystick.git) registered for path 'libraries/HID_Joystick'
Submodule 'libraries/Keyboard' (https://github.com/earlephilhower/Keyboard.git) registered for path 'libraries/HID_Keyboard'
Submodule 'libraries/Mouse' (https://github.com/earlephilhower/Mouse.git) registered for path 'libraries/HID_Mouse'
Submodule 'libraries/LittleFS/lib/littlefs' (https://github.com/littlefs-project/littlefs.git) registered for path 'libraries/LittleFS/lib/littlefs'
Submodule 'libraries/MIDIUSB' (https://github.com/earlephilhower/MIDIUSB.git) registered for path 'libraries/MIDIUSB'
Submodule 'libraries/SdFat' (https://github.com/greiman/SdFat.git) registered for path 'libraries/SdFat'
Submodule 'libraries/http_parser/lib/http-parser' (https://github.com/nodejs/http-parser.git) registered for path 'libraries/http-parser/lib/http-parser'
Submodule 'ota/uzlib' (https://github.com/pfalcon/uzlib.git) registered for path 'ota/uzlib'
Submodule 'pico-sdk' (https://github.com/raspberrypi/pico-sdk.git) registered for path 'pico-sdk'
Submodule 'tools/libbearssl/bearssl' (https://github.com/earlephilhower/bearssl-esp8266.git) registered for path 'tools/libbearssl/bearssl'
Submodule 'system/pyserial' (https://github.com/pyserial/pyserial.git) registered for path 'tools/pyserial'
Cloning into '/home/jules/.platformio/.cache/tmp/pkg-installing-hjafgt02/ArduinoCore-API'...
Cloning into '/home/jules/.platformio/.cache/tmp/pkg-installing-hjafgt02/FreeRTOS-Kernel'...
Cloning into '/home/jules/.platformio/.cache/tmp/pkg-installing-hjafgt02/lib/tlsf'...
Cloning into '/home/jules/.platformio/.cache/tmp/pkg-installing-hjafgt02/libraries/Adafruit_TinyUSB_Arduino'...
Cloning into '/home/jules/.platformio/.cache/tmp/pkg-installing-hjafgt02/libraries/AsyncUDP'...
Cloning into '/home/jules/.platformio/.cache/tmp/pkg-installing-hjafgt02/libraries/ESPHost'...
Cloning into '/home/jules/.platformio/.cache/tmp/pkg-installing-hjafgt02/libraries/FatFS/lib/SPIFTL'...
Cloning into '/home/jules/.platformio/.cache/tmp/pkg-installing-hjafgt02/libraries/HID_Joystick'...
Cloning into '/home/jules/.platformio/.cache/tmp/pkg-installing-hjafgt02/libraries/HID_Keyboard'...
Cloning into '/home/jules/.platformio/.cache/tmp/pkg-installing-hjafgt02/libraries/HID_Mouse'...
Cloning into '/home/jules/.platformio/.cache/tmp/pkg-installing-hjafgt02/libraries/LittleFS/lib/littlefs'...
Cloning into '/home/jules/.platformio/.cache/tmp/pkg-installing-hjafgt02/libraries/MIDIUSB'...
Cloning into '/home/jules/.platformio/.cache/tmp/pkg-installing-hjafgt02/libraries/SdFat'...
Cloning into '/home/jules/.platformio/.cache/tmp/pkg-installing-hjafgt02/libraries/http-parser/lib/http-parser'...
Cloning into '/home/jules/.platformio/.cache/tmp/pkg-installing-hjafgt02/ota/uzlib'...
Cloning into '/home/jules/.platformio/.cache/tmp/pkg-installing-hjafgt02/pico-sdk'...
Cloning into '/home/jules/.platformio/.cache/tmp/pkg-installing-hjafgt02/tools/libbearssl/bearssl'...
Cloning into '/home/jules/.platformio/.cache/tmp/pkg-installing-hjafgt02/tools/pyserial'...
Submodule path 'ArduinoCore-API': checked out '82928635c893189343cf8eb78569f0c4136fded0'
Submodule path 'FreeRTOS-Kernel': checked out '2e588af95bad29aef577373512883370c9408c1c'
Submodule 'ThirdParty/FreeRTOS-Kernel-Community-Supported-Ports' (https://github.com/FreeRTOS/FreeRTOS-Kernel-Community-Supported-Ports) registered for path 'FreeRTOS-Kernel/portable/ThirdParty/Community-Supported-Ports'
Submodule 'ThirdParty/FreeRTOS-Kernel-Partner-Supported-Ports' (https://github.com/FreeRTOS/FreeRTOS-Kernel-Partner-Supported-Ports) registered for path 'FreeRTOS-Kernel/portable/ThirdParty/Partner-Supported-Ports'
Cloning into '/home/jules/.platformio/.cache/tmp/pkg-installing-hjafgt02/FreeRTOS-Kernel/portable/ThirdParty/Community-Supported-Ports'...
Cloning into '/home/jules/.platformio/.cache/tmp/pkg-installing-hjafgt02/FreeRTOS-Kernel/portable/ThirdParty/Partner-Supported-Ports'...
Submodule path 'FreeRTOS-Kernel/portable/ThirdParty/Community-Supported-Ports': checked out '9c5bad7b2f42b4e8420f12290b9bc085d3309e8b'
Submodule path 'FreeRTOS-Kernel/portable/ThirdParty/Partner-Supported-Ports': checked out 'dc3afc6e837426b4bda81bbb6cf45bfb6f34c7e9'
Submodule path 'lib/tlsf': checked out '8653cec85de043454d0e9ddb0957711f6bd14fa1'
Submodule path 'libraries/Adafruit_TinyUSB_Arduino': checked out 'b66f12b425368cabd873dec62145cf88b7303eec'
Submodule path 'libraries/AsyncUDP': checked out '9a718fb3dccb36991d8e840b9722a2371c5bb92d'
Submodule path 'libraries/ESPHost': checked out '80c0fa89b15724490f8bacfee5ac1d40c46e8683'
Submodule path 'libraries/FatFS/lib/SPIFTL': checked out '89a198d968e27bad5065fca7c7ce3eec478bd449'
Submodule 'nbdkit' (https://github.com/libguestfs/nbdkit.git) registered for path 'libraries/FatFS/lib/SPIFTL/nbdkit'
Cloning into '/home/jules/.platformio/.cache/tmp/pkg-installing-hjafgt02/libraries/FatFS/lib/SPIFTL/nbdkit'...
Submodule path 'libraries/FatFS/lib/SPIFTL/nbdkit': checked out '45b72f5bd8fc1b475fa130d06c86cd877bf595d5'
Submodule path 'libraries/HID_Joystick': checked out 'cbfdd2c99796b7e07d4c2b8e53f529554f40832a'
Submodule path 'libraries/HID_Keyboard': checked out '60479278c2a04e00d17dce78649875c09d96320a'
Submodule path 'libraries/HID_Mouse': checked out '8595769b25e101428b259c2664906b8b8c03fb05'
Submodule path 'libraries/LittleFS/lib/littlefs': checked out '8e251dd675da00342d45dac78b6f627f119aed03'
Submodule path 'libraries/MIDIUSB': checked out '33a1d8376cbbb6deb8530628d133f0817e70eb04'
Submodule path 'libraries/SdFat': checked out 'cda057318bec196183d4cc92b01bc1dd64bbfb02'
Submodule path 'libraries/http-parser/lib/http-parser': checked out 'ec8b5ee63f0e51191ea43bb0c6eac7bfbff3141d'
Submodule path 'ota/uzlib': checked out '6d60d651a4499a64f2e5b21b4cc08d98cb84b5c1'
Submodule path 'pico-sdk': checked out '8fcd44a1718337861214ba5499a8faceea2bfa1d'
Submodule 'lib/btstack' (https://github.com/bluekitchen/btstack.git) registered for path 'pico-sdk/lib/btstack'
Submodule 'lib/cyw43-driver' (https://github.com/georgerobotics/cyw43-driver.git) registered for path 'pico-sdk/lib/cyw43-driver'
Submodule 'lib/lwip' (https://github.com/lwip-tcpip/lwip.git) registered for path 'pico-sdk/lib/lwip'
Submodule 'lib/mbedtls' (https://github.com/Mbed-TLS/mbedtls.git) registered for path 'pico-sdk/lib/mbedtls'
Submodule 'tinyusb' (https://github.com/hathach/tinyusb.git) registered for path 'pico-sdk/lib/tinyusb'
Cloning into '/home/jules/.platformio/.cache/tmp/pkg-installing-hjafgt02/pico-sdk/lib/btstack'...
Cloning into '/home/jules/.platformio/.cache/tmp/pkg-installing-hjafgt02/pico-sdk/lib/cyw43-driver'...
Cloning into '/home/jules/.platformio/.cache/tmp/pkg-installing-hjafgt02/pico-sdk/lib/lwip'...
Cloning into '/home/jules/.platformio/.cache/tmp/pkg-installing-hjafgt02/pico-sdk/lib/mbedtls'...
Cloning into '/home/jules/.platformio/.cache/tmp/pkg-installing-hjafgt02/pico-sdk/lib/tinyusb'...
Submodule path 'pico-sdk/lib/btstack': checked out '501e6d2b86e6c92bfb9c390bcf55709938e25ac1'
Submodule path 'pico-sdk/lib/cyw43-driver': checked out 'dd7568229f3bf7a37737b9e1ef250c26efe75b23'
Submodule path 'pico-sdk/lib/lwip': checked out '77dcd25a72509eb83f72b033d219b1d40cd8eb95'
Submodule path 'pico-sdk/lib/mbedtls': checked out '107ea89daaefb9867ea9121002fbbdf926780e98'
Submodule 'framework' (https://github.com/Mbed-TLS/mbedtls-framework) registered for path 'pico-sdk/lib/mbedtls/framework'
Cloning into '/home/jules/.platformio/.cache/tmp/pkg-installing-hjafgt02/pico-sdk/lib/mbedtls/framework'...
Submodule path 'pico-sdk/lib/mbedtls/framework': checked out '94599c0e3b5036e086446a51a3f79640f70f22f6'
Submodule path 'pico-sdk/lib/tinyusb': checked out '86ad6e56c1700e85f1c5678607a762cfe3aa2f47'
Submodule path 'tools/libbearssl/bearssl': checked out 'aca13833b6f9ddffaea2041a01facc76829dc03b'
Submodule path 'tools/pyserial': checked out '0e7634747568547b8a7f9fd0c48ed74f16af4b23'
HEAD is now at 30aead9 Separate USB gamepad16 report and descriptor (#3263)
Submodule path 'ArduinoCore-API': checked out '82928635c893189343cf8eb78569f0c4136fded0'
Submodule path 'FreeRTOS-Kernel': checked out '2e588af95bad29aef577373512883370c9408c1c'
Submodule path 'FreeRTOS-Kernel/portable/ThirdParty/Community-Supported-Ports': checked out '9c5bad7b2f42b4e8420f12290b9bc085d3309e8b'
Submodule path 'FreeRTOS-Kernel/portable/ThirdParty/Partner-Supported-Ports': checked out 'dc3afc6e837426b4bda81bbb6cf45bfb6f34c7e9'
Submodule path 'lib/tlsf': checked out '8653cec85de043454d0e9ddb0957711f6bd14fa1'
Submodule path 'libraries/Adafruit_TinyUSB_Arduino': checked out 'b66f12b425368cabd873dec62145cf88b7303eec'
Submodule path 'libraries/AsyncUDP': checked out '9a718fb3dccb36991d8e840b9722a2371c5bb92d'
Submodule path 'libraries/ESPHost': checked out '80c0fa89b15724490f8bacfee5ac1d40c46e8683'
Submodule path 'libraries/FatFS/lib/SPIFTL': checked out '89a198d968e27bad5065fca7c7ce3eec478bd449'
Submodule path 'libraries/FatFS/lib/SPIFTL/nbdkit': checked out '45b72f5bd8fc1b475fa130d06c86cd877bf595d5'
Submodule path 'libraries/HID_Joystick': checked out 'cbfdd2c99796b7e07d4c2b8e53f529554f40832a'
Submodule path 'libraries/HID_Keyboard': checked out '60479278c2a04e00d17dce78649875c09d96320a'
Submodule path 'libraries/HID_Mouse': checked out '8595769b25e101428b259c2664906b8b8c03fb05'
Submodule path 'libraries/LittleFS/lib/littlefs': checked out '8e251dd675da00342d45dac78b6f627f119aed03'
Submodule path 'libraries/MIDIUSB': checked out '3d0d658bd5d47d62eeb617f809f48919f58a68ce'
Submodule path 'libraries/SdFat': checked out 'cda057318bec196183d4cc92b01bc1dd64bbfb02'
Submodule path 'libraries/http-parser/lib/http-parser': checked out 'ec8b5ee63f0e51191ea43bb0c6eac7bfbff3141d'
Submodule path 'ota/uzlib': checked out '6d60d651a4499a64f2e5b21b4cc08d98cb84b5c1'
Submodule path 'pico-sdk': checked out '8fcd44a1718337861214ba5499a8faceea2bfa1d'
Submodule path 'pico-sdk/lib/btstack': checked out '501e6d2b86e6c92bfb9c390bcf55709938e25ac1'
Submodule path 'pico-sdk/lib/cyw43-driver': checked out 'dd7568229f3bf7a37737b9e1ef250c26efe75b23'
Submodule path 'pico-sdk/lib/lwip': checked out '77dcd25a72509eb83f72b033d219b1d40cd8eb95'
Submodule path 'pico-sdk/lib/mbedtls': checked out '107ea89daaefb9867ea9121002fbbdf926780e98'
Submodule path 'pico-sdk/lib/mbedtls/framework': checked out '94599c0e3b5036e086446a51a3f79640f70f22f6'
Submodule path 'pico-sdk/lib/tinyusb': checked out '86ad6e56c1700e85f1c5678607a762cfe3aa2f47'
Submodule path 'tools/libbearssl/bearssl': checked out 'aca13833b6f9ddffaea2041a01facc76829dc03b'
Submodule path 'tools/pyserial': checked out '0e7634747568547b8a7f9fd0c48ed74f16af4b23'
Tool Manager: framework-arduinopico@1.50403.0+sha.30aead9 has been installed!
Tool Manager: Installing https://github.com/earlephilhower/pico-quick-toolchain/releases/download/4.1.0/x86_64-linux-gnu.picotool-c56c005.250530.tar.gz
Downloading 0% 10% 20% 30% 40% 50% 60% 70% 80% 90% 100%
Unpacking 0% 10% 20% 30% 40% 50%
Tool Manager: tool-picotool-rp2040-earlephilhower@5.140200.250530 has been installed!
Tool Manager: Installing https://github.com/earlephilhower/pico-quick-toolchain/releases/download/4.1.0/x86_64-linux-gnu.pioasm-9fdfe11.250530.tar.gz
Downloading 0% 10% 20% 30% 40% 50% 60% 70% 80% 90% 100%
Unpacking 0% 10% 20% 30% 40%
Tool Manager: tool-pioasm-rp2040-earlephilhower@5.140200.250530 has been installed!
Library Manager: Installing paulstoffregen/OneWire @ ^2.3.7
Downloading 0% 10% 20% 30%
Unpacking 0% 10% 20% 30% 40% 50% 60% 70% 80% 90% 100%
Library Manager: OneWire@2.3.8 has been installed!
Library Manager: Installing milesburton/DallasTemperature @ ^3.11.0
Downloading 0% 10% 20% 30%
Unpacking 0% 10% 20% 30% 40% 50% 60% 70% 80% 90% 100%
Library Manager: DallasTemperature@3.11.0 has been installed!
Library Manager: Resolving dependencies...
Verbose mode can be enabled via `-v, --verbose` option
CONFIGURATION: https://docs.platformio.org/page/boards/raspberrypi/pico.html
PLATFORM: Raspberry Pi RP2040 (1.18.0+sha.cc24cfe) > Raspberry Pi Pico
HARDWARE: RP2040 133MHz, 256KB RAM, 2MB Flash
DEBUG: Current (blackmagic) External (blackmagic, cmsis-dap, jlink, pico-debug, picoprobe, raspberrypi-swd)
PACKAGES:
 - framework-arduinopico @ 1.50403.0+sha.30aead9
 - tool-picotool-rp2040-earlephilhower @ 5.140200.250530 (14.2.0)
 - tool-pioasm-rp2040-earlephilhower @ 5.140200.250530 (14.2.0)
 - toolchain-rp2040-earlephilhower @ 5.140200.250530 (14.2.0)
Flash size: 2.00MB
Sketch size: 2.00MB
Filesystem size: 0.00MB
PSRAM size: 0.00MB
Maximium Sketch size: 2093056 EEPROM start: 0x101ff000 Filesystem start: 0x101ff000 Filesystem end: 0x101ff000
LDF: Library Dependency Finder -> https://bit.ly/configure-pio-ldf
LDF Modes: Finder ~ chain, Compatibility ~ soft
Found 71 compatible libraries
Scanning dependencies...
Dependency Graph
|-- OneWire @ 2.3.8
|-- DallasTemperature @ 3.11.0
|-- EEPROM @ 1.0
Building in release mode
Compiling .pio/build/pico/FrameworkArduinoBootloader/boot2_w25q080_2_padded_checksum.S.o
Compiling .pio/build/pico/src/main.cpp.o
Generating linkerscript /app/EcoflowRP2040/.pio/build/pico/memmap_default.ld
Compiling .pio/build/pico/lib5b9/OneWire/OneWire.cpp.o
Compiling .pio/build/pico/lib153/DallasTemperature/DallasTemperature.cpp.o
Compiling .pio/build/pico/libf56/EEPROM/EEPROM.cpp.o
In file included from .pio/libdeps/pico/OneWire/OneWire.cpp:149:
.pio/libdeps/pico/OneWire/util/OneWire_direct_gpio.h:502:2: warning: #warning "OneWire. RP2040 in Fallback mode. Using API calls for pinMode,digitalRead and digitalWrite." [-Wcpp]
  502 | #warning "OneWire. RP2040 in Fallback mode. Using API calls for pinMode,digitalRead and digitalWrite."
      |  ^~~~~~~
Compiling .pio/build/pico/FrameworkArduino/BluetoothDebug.cpp.o
Archiving .pio/build/pico/lib5b9/libOneWire.a
Archiving .pio/build/pico/libf56/libEEPROM.a
Indexing .pio/build/pico/lib5b9/libOneWire.a
Indexing .pio/build/pico/libf56/libEEPROM.a
Compiling .pio/build/pico/FrameworkArduino/Bootsel.cpp.o
Compiling .pio/build/pico/FrameworkArduino/CoreMutex.cpp.o
Compiling .pio/build/pico/FrameworkArduino/FS.cpp.o
Archiving .pio/build/pico/lib153/libDallasTemperature.a
Indexing .pio/build/pico/lib153/libDallasTemperature.a
Compiling .pio/build/pico/FrameworkArduino/PIOProgram.cpp.o
Compiling .pio/build/pico/FrameworkArduino/RP2040Support.cpp.o
Compiling .pio/build/pico/FrameworkArduino/Semihosting.cpp.o
Compiling .pio/build/pico/FrameworkArduino/SerialPIO.cpp.o
Compiling .pio/build/pico/FrameworkArduino/SerialUART.cpp.o
Compiling .pio/build/pico/FrameworkArduino/SerialUSB.cpp.o
Compiling .pio/build/pico/FrameworkArduino/StackThunk.cpp.o
Compiling .pio/build/pico/FrameworkArduino/Tone.cpp.o
Compiling .pio/build/pico/FrameworkArduino/USB.cpp.o
Compiling .pio/build/pico/FrameworkArduino/WMath.cpp.o
Compiling .pio/build/pico/FrameworkArduino/_freertos.cpp.o
Compiling .pio/build/pico/FrameworkArduino/api/Common.cpp.o
Compiling .pio/build/pico/FrameworkArduino/api/IPAddress.cpp.o
Compiling .pio/build/pico/FrameworkArduino/api/PluggableUSB.cpp.o
Compiling .pio/build/pico/FrameworkArduino/api/Print.cpp.o
Compiling .pio/build/pico/FrameworkArduino/api/Stream.cpp.o
Compiling .pio/build/pico/FrameworkArduino/api/String.cpp.o
Compiling .pio/build/pico/FrameworkArduino/cyw43_wrappers.cpp.o
Compiling .pio/build/pico/FrameworkArduino/delay.cpp.o
Compiling .pio/build/pico/FrameworkArduino/freertos/croutine.c.o
Compiling .pio/build/pico/FrameworkArduino/freertos/event_groups.c.o
Compiling .pio/build/pico/FrameworkArduino/freertos/freertos-lwip.cpp.o
Compiling .pio/build/pico/FrameworkArduino/freertos/freertos-main.cpp.o
Compiling .pio/build/pico/FrameworkArduino/freertos/heap_3a.c.o
Compiling .pio/build/pico/FrameworkArduino/freertos/list.c.o
Compiling .pio/build/pico/FrameworkArduino/freertos/lwip_freertos.c.o
Compiling .pio/build/pico/FrameworkArduino/freertos/mpu_wrappers_v2_asm.c.o
Compiling .pio/build/pico/FrameworkArduino/freertos/port.c.o
Compiling .pio/build/pico/FrameworkArduino/freertos/portASM.S.o
Compiling .pio/build/pico/FrameworkArduino/freertos/portasm.c.o
Compiling .pio/build/pico/FrameworkArduino/freertos/queue.c.o
Compiling .pio/build/pico/FrameworkArduino/freertos/stream_buffer.c.o
Compiling .pio/build/pico/FrameworkArduino/freertos/tasks.c.o
Compiling .pio/build/pico/FrameworkArduino/freertos/timers.c.o
Compiling .pio/build/pico/FrameworkArduino/freertos/variantHooks.cpp.o
Compiling .pio/build/pico/FrameworkArduino/gprof_gmon.c.o
Compiling .pio/build/pico/FrameworkArduino/gprof_shim.S.o
Compiling .pio/build/pico/FrameworkArduino/libb64/cdecode.cpp.o
Compiling .pio/build/pico/FrameworkArduino/libb64/cencode.cpp.o
Compiling .pio/build/pico/FrameworkArduino/lock.cpp.o
Compiling .pio/build/pico/FrameworkArduino/lwip/src/api/api_lib.c.o
Compiling .pio/build/pico/FrameworkArduino/lwip/src/api/api_msg.c.o
Compiling .pio/build/pico/FrameworkArduino/lwip/src/api/err.c.o
Compiling .pio/build/pico/FrameworkArduino/lwip/src/api/if_api.c.o
Compiling .pio/build/pico/FrameworkArduino/lwip/src/api/netbuf.c.o
Compiling .pio/build/pico/FrameworkArduino/lwip/src/api/netdb.c.o
Compiling .pio/build/pico/FrameworkArduino/lwip/src/api/netifapi.c.o
Compiling .pio/build/pico/FrameworkArduino/lwip/src/api/sockets.c.o
Compiling .pio/build/pico/FrameworkArduino/lwip/src/api/tcpip.c.o
Compiling .pio/build/pico/FrameworkArduino/lwip/src/apps/altcp_tls/altcp_tls_mbedtls.c.o
Compiling .pio/build/pico/FrameworkArduino/lwip/src/apps/altcp_tls/altcp_tls_mbedtls_mem.c.o
Compiling .pio/build/pico/FrameworkArduino/lwip/src/apps/lwiperf/lwiperf.c.o
Compiling .pio/build/pico/FrameworkArduino/lwip/src/apps/mdns/mdns.c.o
Compiling .pio/build/pico/FrameworkArduino/lwip/src/apps/mdns/mdns_domain.c.o
Compiling .pio/build/pico/FrameworkArduino/lwip/src/apps/mdns/mdns_out.c.o
Compiling .pio/build/pico/FrameworkArduino/lwip/src/apps/mqtt/mqtt.c.o
Compiling .pio/build/pico/FrameworkArduino/lwip/src/apps/netbiosns/netbiosns.c.o
Compiling .pio/build/pico/FrameworkArduino/lwip/src/apps/smtp/smtp.c.o
Compiling .pio/build/pico/FrameworkArduino/lwip/src/apps/snmp/snmp_asn1.c.o
Compiling .pio/build/pico/FrameworkArduino/lwip/src/apps/snmp/snmp_core.c.o
Compiling .pio/build/pico/FrameworkArduino/lwip/src/apps/snmp/snmp_mib2.c.o
Compiling .pio/build/pico/FrameworkArduino/lwip/src/apps/snmp/snmp_mib2_icmp.c.o
Compiling .pio/build/pico/FrameworkArduino/lwip/src/apps/snmp/snmp_mib2_interfaces.c.o
Compiling .pio/build/pico/FrameworkArduino/lwip/src/apps/snmp/snmp_mib2_ip.c.o
Compiling .pio/build/pico/FrameworkArduino/lwip/src/apps/snmp/snmp_mib2_snmp.c.o
Compiling .pio/build/pico/FrameworkArduino/lwip/src/apps/snmp/snmp_mib2_system.c.o
Compiling .pio/build/pico/FrameworkArduino/lwip/src/apps/snmp/snmp_mib2_tcp.c.o
Compiling .pio/build/pico/FrameworkArduino/lwip/src/apps/snmp/snmp_mib2_udp.c.o
Compiling .pio/build/pico/FrameworkArduino/lwip/src/apps/snmp/snmp_msg.c.o
Compiling .pio/build/pico/FrameworkArduino/lwip/src/apps/snmp/snmp_netconn.c.o
Compiling .pio/build/pico/FrameworkArduino/lwip/src/apps/snmp/snmp_pbuf_stream.c.o
Compiling .pio/build/pico/FrameworkArduino/lwip/src/apps/snmp/snmp_raw.c.o
Compiling .pio/build/pico/FrameworkArduino/lwip/src/apps/snmp/snmp_scalar.c.o
Compiling .pio/build/pico/FrameworkArduino/lwip/src/apps/snmp/snmp_snmpv2_framework.c.o
Compiling .pio/build/pico/FrameworkArduino/lwip/src/apps/snmp/snmp_snmpv2_usm.c.o
Compiling .pio/build/pico/FrameworkArduino/lwip/src/apps/snmp/snmp_table.c.o
Compiling .pio/build/pico/FrameworkArduino/lwip/src/apps/snmp/snmp_threadsync.c.o
Compiling .pio/build/pico/FrameworkArduino/lwip/src/apps/snmp/snmp_traps.c.o
Compiling .pio/build/pico/FrameworkArduino/lwip/src/apps/snmp/snmpv3.c.o
Compiling .pio/build/pico/FrameworkArduino/lwip/src/apps/snmp/snmpv3_mbedtls.c.o
Compiling .pio/build/pico/FrameworkArduino/lwip/src/apps/sntp/sntp.c.o
Compiling .pio/build/pico/FrameworkArduino/lwip/src/apps/tftp/tftp.c.o
Compiling .pio/build/pico/FrameworkArduino/lwip/src/core/altcp.c.o
Compiling .pio/build/pico/FrameworkArduino/lwip/src/core/altcp_alloc.c.o
Compiling .pio/build/pico/FrameworkArduino/lwip/src/core/altcp_tcp.c.o
Compiling .pio/build/pico/FrameworkArduino/lwip/src/core/def.c.o
Compiling .pio/build/pico/FrameworkArduino/lwip/src/core/dns.c.o
Compiling .pio/build/pico/FrameworkArduino/lwip/src/core/inet_chksum.c.o
Compiling .pio/build/pico/FrameworkArduino/lwip/src/core/init.c.o
Compiling .pio/build/pico/FrameworkArduino/lwip/src/core/ip.c.o
Compiling .pio/build/pico/FrameworkArduino/lwip/src/core/ipv4/acd.c.o
Compiling .pio/build/pico/FrameworkArduino/lwip/src/core/ipv4/autoip.c.o
Compiling .pio/build/pico/FrameworkArduino/lwip/src/core/ipv4/dhcp.c.o
Compiling .pio/build/pico/FrameworkArduino/lwip/src/core/ipv4/etharp.c.o
Compiling .pio/build/pico/FrameworkArduino/lwip/src/core/ipv4/icmp.c.o
Compiling .pio/build/pico/FrameworkArduino/lwip/src/core/ipv4/igmp.c.o
Compiling .pio/build/pico/FrameworkArduino/lwip/src/core/ipv4/ip4.c.o
Compiling .pio/build/pico/FrameworkArduino/lwip/src/core/ipv4/ip4_addr.c.o
Compiling .pio/build/pico/FrameworkArduino/lwip/src/core/ipv4/ip4_frag.c.o
Compiling .pio/build/pico/FrameworkArduino/lwip/src/core/ipv6/dhcp6.c.o
Compiling .pio/build/pico/FrameworkArduino/lwip/src/core/ipv6/ethip6.c.o
Compiling .pio/build/pico/FrameworkArduino/lwip/src/core/ipv6/icmp6.c.o
Compiling .pio/build/pico/FrameworkArduino/lwip/src/core/ipv6/inet6.c.o
Compiling .pio/build/pico/FrameworkArduino/lwip/src/core/ipv6/ip6.c.o
Compiling .pio/build/pico/FrameworkArduino/lwip/src/core/ipv6/ip6_addr.c.o
Compiling .pio/build/pico/FrameworkArduino/lwip/src/core/ipv6/ip6_frag.c.o
Compiling .pio/build/pico/FrameworkArduino/lwip/src/core/ipv6/mld6.c.o
Compiling .pio/build/pico/FrameworkArduino/lwip/src/core/ipv6/nd6.c.o
Compiling .pio/build/pico/FrameworkArduino/lwip/src/core/mem.c.o
Compiling .pio/build/pico/FrameworkArduino/lwip/src/core/memp.c.o
Compiling .pio/build/pico/FrameworkArduino/lwip/src/core/netif.c.o
Compiling .pio/build/pico/FrameworkArduino/lwip/src/core/pbuf.c.o
Compiling .pio/build/pico/FrameworkArduino/lwip/src/core/raw.c.o
Compiling .pio/build/pico/FrameworkArduino/lwip/src/core/stats.c.o
Compiling .pio/build/pico/FrameworkArduino/lwip/src/core/sys.c.o
Compiling .pio/build/pico/FrameworkArduino/lwip/src/core/tcp.c.o
Compiling .pio/build/pico/FrameworkArduino/lwip/src/core/tcp_in.c.o
Compiling .pio/build/pico/FrameworkArduino/lwip/src/core/tcp_out.c.o
Compiling .pio/build/pico/FrameworkArduino/lwip/src/core/timeouts.c.o
Compiling .pio/build/pico/FrameworkArduino/lwip/src/core/udp.c.o
Compiling .pio/build/pico/FrameworkArduino/lwip/src/netif/bridgeif.c.o
Compiling .pio/build/pico/FrameworkArduino/lwip/src/netif/bridgeif_fdb.c.o
Compiling .pio/build/pico/FrameworkArduino/lwip/src/netif/ethernet.c.o
Compiling .pio/build/pico/FrameworkArduino/lwip/src/netif/lowpan6.c.o
Compiling .pio/build/pico/FrameworkArduino/lwip/src/netif/lowpan6_ble.c.o
Compiling .pio/build/pico/FrameworkArduino/lwip/src/netif/lowpan6_common.c.o
Compiling .pio/build/pico/FrameworkArduino/lwip/src/netif/ppp/auth.c.o
Compiling .pio/build/pico/FrameworkArduino/lwip/src/netif/ppp/ccp.c.o
Compiling .pio/build/pico/FrameworkArduino/lwip/src/netif/ppp/chap-md5.c.o
Compiling .pio/build/pico/FrameworkArduino/lwip/src/netif/ppp/chap-new.c.o
Compiling .pio/build/pico/FrameworkArduino/lwip/src/netif/ppp/chap_ms.c.o
Compiling .pio/build/pico/FrameworkArduino/lwip/src/netif/ppp/demand.c.o
Compiling .pio/build/pico/FrameworkArduino/lwip/src/netif/ppp/eap.c.o
Compiling .pio/build/pico/FrameworkArduino/lwip/src/netif/ppp/ecp.c.o
Compiling .pio/build/pico/FrameworkArduino/lwip/src/netif/ppp/eui64.c.o
Compiling .pio/build/pico/FrameworkArduino/lwip/src/netif/ppp/fsm.c.o
Compiling .pio/build/pico/FrameworkArduino/lwip/src/netif/ppp/ipcp.c.o
Compiling .pio/build/pico/FrameworkArduino/lwip/src/netif/ppp/ipv6cp.c.o
Compiling .pio/build/pico/FrameworkArduino/lwip/src/netif/ppp/lcp.c.o
Compiling .pio/build/pico/FrameworkArduino/lwip/src/netif/ppp/magic.c.o
Compiling .pio/build/pico/FrameworkArduino/lwip/src/netif/ppp/mppe.c.o
Compiling .pio/build/pico/FrameworkArduino/lwip/src/netif/ppp/multilink.c.o
Compiling .pio/build/pico/FrameworkArduino/lwip/src/netif/ppp/polarssl/arc4.c.o
Compiling .pio/build/pico/FrameworkArduino/lwip/src/netif/ppp/polarssl/des.c.o
Compiling .pio/build/pico/FrameworkArduino/lwip/src/netif/ppp/polarssl/md4.c.o
Compiling .pio/build/pico/FrameworkArduino/lwip/src/netif/ppp/polarssl/md5.c.o
Compiling .pio/build/pico/FrameworkArduino/lwip/src/netif/ppp/polarssl/sha1.c.o
Compiling .pio/build/pico/FrameworkArduino/lwip/src/netif/ppp/ppp.c.o
Compiling .pio/build/pico/FrameworkArduino/lwip/src/netif/ppp/pppapi.c.o
Compiling .pio/build/pico/FrameworkArduino/lwip/src/netif/ppp/pppcrypt.c.o
Compiling .pio/build/pico/FrameworkArduino/lwip/src/netif/ppp/pppoe.c.o
Compiling .pio/build/pico/FrameworkArduino/lwip/src/netif/ppp/pppol2tp.c.o
Compiling .pio/build/pico/FrameworkArduino/lwip/src/netif/ppp/pppos.c.o
Compiling .pio/build/pico/FrameworkArduino/lwip/src/netif/ppp/upap.c.o
Compiling .pio/build/pico/FrameworkArduino/lwip/src/netif/ppp/utils.c.o
Compiling .pio/build/pico/FrameworkArduino/lwip/src/netif/ppp/vj.c.o
Compiling .pio/build/pico/FrameworkArduino/lwip/src/netif/slipif.c.o
Compiling .pio/build/pico/FrameworkArduino/lwip/src/netif/zepif.c.o
Compiling .pio/build/pico/FrameworkArduino/lwip_wrap.cpp.o
Compiling .pio/build/pico/FrameworkArduino/main.cpp.o
Compiling .pio/build/pico/FrameworkArduino/malloc-lock.cpp.o
Compiling .pio/build/pico/FrameworkArduino/posix.cpp.o
Compiling .pio/build/pico/FrameworkArduino/psram.cpp.o
Compiling .pio/build/pico/FrameworkArduino/rp2350-memcpy.S.o
Compiling .pio/build/pico/FrameworkArduino/sdkoverride/async_context_freertos.c.o
Compiling .pio/build/pico/FrameworkArduino/sdkoverride/async_context_threadsafe_background.c.o
Compiling .pio/build/pico/FrameworkArduino/sdkoverride/btstack_flash_bank.cpp.o
Compiling .pio/build/pico/FrameworkArduino/sdkoverride/btstack_run_loop_async_context.cpp.o
Compiling .pio/build/pico/FrameworkArduino/sdkoverride/cyw43_arch_freertos.c.o
Compiling .pio/build/pico/FrameworkArduino/sdkoverride/cyw43_arch_threadsafe_background.c.o
Compiling .pio/build/pico/FrameworkArduino/sdkoverride/cyw43_driver_freertos.cpp.o
Compiling .pio/build/pico/FrameworkArduino/sdkoverride/inet_chksum.cpp.o
Compiling .pio/build/pico/FrameworkArduino/sdkoverride/newlib_interface.c.o
Compiling .pio/build/pico/FrameworkArduino/sdkoverride/pico_bootsel_via_double_reset.c.o
Compiling .pio/build/pico/FrameworkArduino/stdlib_noniso.cpp.o
Compiling .pio/build/pico/FrameworkArduino/wiring_analog.cpp.o
Compiling .pio/build/pico/FrameworkArduino/wiring_digital.cpp.o
Compiling .pio/build/pico/FrameworkArduino/wiring_private.cpp.o
Compiling .pio/build/pico/FrameworkArduino/wiring_pulse.cpp.o
Compiling .pio/build/pico/FrameworkArduino/wiring_shift.cpp.o
Archiving .pio/build/pico/libFrameworkArduino.a
Indexing .pio/build/pico/libFrameworkArduino.a
Linking .pio/build/pico/firmware.elf
Generating UF2 image
picotool uf2 convert -t elf ".pio/build/pico/firmware.elf" ".pio/build/pico/firmware.uf2"
Retrieving maximum program size .pio/build/pico/firmware.elf
Checking size .pio/build/pico/firmware.elf
Advanced Memory Usage is available via "PlatformIO Home > Project Inspect"
RAM:   [          ]   4.1% (used 10684 bytes from 262144 bytes)
Flash: [          ]   3.8% (used 80360 bytes from 2093056 bytes)
Building .pio/build/pico/firmware.bin
Building .pio/build/pico/firmware.bin.signed
======================== [SUCCESS] Took 153.98 seconds ========================
